<?xml version="1.0" encoding="UTF-8"?>
<robot generator="Robot 6.1 (Python 3.11.4 on win32)" generated="20230920 10:18:29.716" rpa="false" schemaversion="4">
<suite id="s1" name="New" source="C:\Users\Kamal Teja INT-212\PycharmProjects\HR-OS Automation\Framework\Resources\Keywords\new.robot">
<test id="s1-t1" name="search in google" line="5">
<kw name="Open Browser" library="SeleniumLibrary">
<arg>https://www.google.com/</arg>
<arg>Edge</arg>
<doc>Opens a new browser instance to the optional ``url``.</doc>
<msg timestamp="20230920 10:18:30.176" level="INFO">Opening browser 'Edge' to base url 'https://www.google.com/'.</msg>
<msg timestamp="20230920 10:18:30.191" level="INFO">Applicable driver not found; attempting to install with Selenium Manager (Beta)</msg>
<status status="PASS" starttime="20230920 10:18:30.175" endtime="20230920 10:18:33.623"/>
</kw>
<kw name="Input Text" library="SeleniumLibrary">
<arg>//textarea[@title="Search"]</arg>
<arg>terralogic</arg>
<doc>Types the given ``text`` into the text field identified by ``locator``.</doc>
<msg timestamp="20230920 10:18:33.625" level="INFO">Typing text 'terralogic' into text field '//textarea[@title="Search"]'.</msg>
<status status="PASS" starttime="20230920 10:18:33.623" endtime="20230920 10:18:33.787"/>
</kw>
<kw name="Sleep" library="BuiltIn">
<arg>1s</arg>
<doc>Pauses the test executed for the given time.</doc>
<msg timestamp="20230920 10:18:34.788" level="INFO">Slept 1 second</msg>
<status status="PASS" starttime="20230920 10:18:33.787" endtime="20230920 10:18:34.788"/>
</kw>
<kw name="Wait Until Element Is Visible" library="SeleniumLibrary">
<arg>//input[@value="Google Search"]</arg>
<doc>Waits until the element ``locator`` is visible.</doc>
<status status="PASS" starttime="20230920 10:18:34.788" endtime="20230920 10:18:34.817"/>
</kw>
<kw name="Click Element" library="SeleniumLibrary">
<arg>//input[@value="Google Search"]</arg>
<doc>Click the element identified by ``locator``.</doc>
<msg timestamp="20230920 10:18:34.818" level="INFO">Clicking element '//input[@value="Google Search"]'.</msg>
<status status="PASS" starttime="20230920 10:18:34.818" endtime="20230920 10:18:35.018"/>
</kw>
<kw name="Sleep" library="BuiltIn">
<arg>2s</arg>
<doc>Pauses the test executed for the given time.</doc>
<msg timestamp="20230920 10:18:37.019" level="INFO">Slept 2 seconds</msg>
<status status="PASS" starttime="20230920 10:18:35.019" endtime="20230920 10:18:37.019"/>
</kw>
<kw name="Close Browser" library="SeleniumLibrary">
<doc>Closes the current browser.</doc>
<status status="PASS" starttime="20230920 10:18:37.019" endtime="20230920 10:18:39.335"/>
</kw>
<status status="PASS" starttime="20230920 10:18:30.174" endtime="20230920 10:18:39.336"/>
</test>
<status status="PASS" starttime="20230920 10:18:29.719" endtime="20230920 10:18:39.337"/>
</suite>
<statistics>
<total>
<stat pass="1" fail="0" skip="0">All Tests</stat>
</total>
<tag>
</tag>
<suite>
<stat pass="1" fail="0" skip="0" id="s1" name="New">New</stat>
</suite>
</statistics>
<errors>
</errors>
</robot>
